<?xml version="1.0" encoding="UTF-8"?>
<!-- Generated by org.testng.reporters.JUnitXMLReporter -->
<testsuite hostname="zhangtongle" ignored="0" name="192.168.1.111:7409" tests="4" failures="0" timestamp="22 三月 2018 06:51:57 GMT" time="44.72" errors="0">
  <testcase name="setServ" time="5.147" classname="Day16.TestGird"/>
  <testcase name="setUp" time="23.85" classname="Day16.TestGird"/>
  <testcase name="loginZhiHu" time="12.33" classname="Day16.TestGird"/>
  <testcase name="quit" time="3.381" classname="Day16.TestGird"/>
</testsuite> <!-- 192.168.1.111:7409 -->
