<?xml version="1.0" encoding="UTF-8"?>
<!-- Generated by org.testng.reporters.JUnitXMLReporter -->
<testsuite hostname="zhangtongle" ignored="0" name="192.168.1.111:7417" tests="4" failures="0" timestamp="22 三月 2018 06:52:10 GMT" time="57.293" errors="0">
  <testcase name="setServ" time="5.973" classname="Day16.TestGird"/>
  <testcase name="setUp" time="28.851" classname="Day16.TestGird"/>
  <testcase name="loginZhiHu" time="17.094" classname="Day16.TestGird"/>
  <testcase name="quit" time="5.366" classname="Day16.TestGird"/>
</testsuite> <!-- 192.168.1.111:7417 -->
